<?xml version="1.0" encoding="UTF-8"?>
<coverage generated="1731001242401" clover="3.2.0">
  <project timestamp="1731001242401" name="All files">
    <metrics statements="46" coveredstatements="35" conditionals="18" coveredconditionals="4" methods="32" coveredmethods="23" elements="96" coveredelements="62" complexity="0" loc="46" ncloc="46" packages="9" files="10" classes="10"/>
    <package name="another-test">
      <metrics statements="4" coveredstatements="3" conditionals="2" coveredconditionals="0" methods="3" coveredmethods="2"/>
      <file name="words.js" path="/Users/tony/dev/another-test/words.js">
        <metrics statements="4" coveredstatements="3" conditionals="2" coveredconditionals="0" methods="3" coveredmethods="2"/>
        <line num="2" count="1" type="stmt"/>
        <line num="6" count="1" type="stmt"/>
        <line num="10" count="0" type="cond" truecount="0" falsecount="2"/>
        <line num="13" count="1" type="stmt"/>
      </file>
    </package>
    <package name="another-test.flag1">
      <metrics statements="7" coveredstatements="4" conditionals="2" coveredconditionals="0" methods="4" coveredmethods="3"/>
      <file name="mafs.js" path="/Users/tony/dev/another-test/flag1/mafs.js">
        <metrics statements="7" coveredstatements="4" conditionals="2" coveredconditionals="0" methods="4" coveredmethods="3"/>
        <line num="2" count="2" type="stmt"/>
        <line num="6" count="1" type="stmt"/>
        <line num="10" count="1" type="stmt"/>
        <line num="14" count="0" type="cond" truecount="0" falsecount="2"/>
        <line num="15" count="0" type="stmt"/>
        <line num="17" count="0" type="stmt"/>
        <line num="21" count="1" type="stmt"/>
      </file>
    </package>
    <package name="another-test.flag2">
      <metrics statements="4" coveredstatements="4" conditionals="2" coveredconditionals="2" methods="3" coveredmethods="3"/>
      <file name="words.js" path="/Users/tony/dev/another-test/flag2/words.js">
        <metrics statements="4" coveredstatements="4" conditionals="2" coveredconditionals="2" methods="3" coveredmethods="3"/>
        <line num="2" count="1" type="stmt"/>
        <line num="6" count="1" type="stmt"/>
        <line num="10" count="2" type="cond" truecount="2" falsecount="0"/>
        <line num="13" count="1" type="stmt"/>
      </file>
    </package>
    <package name="another-test.folder">
      <metrics statements="4" coveredstatements="3" conditionals="2" coveredconditionals="0" methods="3" coveredmethods="2"/>
      <file name="words.js" path="/Users/tony/dev/another-test/folder/words.js">
        <metrics statements="4" coveredstatements="3" conditionals="2" coveredconditionals="0" methods="3" coveredmethods="2"/>
        <line num="2" count="1" type="stmt"/>
        <line num="6" count="1" type="stmt"/>
        <line num="10" count="0" type="cond" truecount="0" falsecount="2"/>
        <line num="13" count="1" type="stmt"/>
      </file>
    </package>
    <package name="another-test.folder.subfolder">
      <metrics statements="11" coveredstatements="10" conditionals="4" coveredconditionals="2" methods="7" coveredmethods="6"/>
      <file name="mafs.js" path="/Users/tony/dev/another-test/folder/subfolder/mafs.js">
        <metrics statements="7" coveredstatements="7" conditionals="2" coveredconditionals="2" methods="4" coveredmethods="4"/>
        <line num="2" count="1" type="stmt"/>
        <line num="6" count="1" type="stmt"/>
        <line num="10" count="1" type="stmt"/>
        <line num="14" count="2" type="cond" truecount="2" falsecount="0"/>
        <line num="15" count="1" type="stmt"/>
        <line num="17" count="1" type="stmt"/>
        <line num="21" count="1" type="stmt"/>
      </file>
      <file name="words.js" path="/Users/tony/dev/another-test/folder/subfolder/words.js">
        <metrics statements="4" coveredstatements="3" conditionals="2" coveredconditionals="0" methods="3" coveredmethods="2"/>
        <line num="2" count="1" type="stmt"/>
        <line num="6" count="1" type="stmt"/>
        <line num="10" count="0" type="cond" truecount="0" falsecount="2"/>
        <line num="13" count="1" type="stmt"/>
      </file>
    </package>
    <package name="another-test.frontend">
      <metrics statements="5" coveredstatements="3" conditionals="4" coveredconditionals="0" methods="4" coveredmethods="2"/>
      <file name="frontend.js" path="/Users/tony/dev/another-test/frontend/frontend.js">
        <metrics statements="5" coveredstatements="3" conditionals="4" coveredconditionals="0" methods="4" coveredmethods="2"/>
        <line num="2" count="1" type="stmt"/>
        <line num="6" count="1" type="stmt"/>
        <line num="10" count="0" type="cond" truecount="0" falsecount="2"/>
        <line num="14" count="0" type="cond" truecount="0" falsecount="2"/>
        <line num="17" count="1" type="stmt"/>
      </file>
    </package>
    <package name="another-test.mafs">
      <metrics statements="4" coveredstatements="2" conditionals="0" coveredconditionals="0" methods="3" coveredmethods="1"/>
      <file name="mafs.js" path="/Users/tony/dev/another-test/mafs/mafs.js">
        <metrics statements="4" coveredstatements="2" conditionals="0" coveredconditionals="0" methods="3" coveredmethods="1"/>
        <line num="2" count="1" type="stmt"/>
        <line num="6" count="0" type="stmt"/>
        <line num="10" count="0" type="stmt"/>
        <line num="21" count="1" type="stmt"/>
      </file>
    </package>
    <package name="another-test.temples">
      <metrics statements="3" coveredstatements="3" conditionals="0" coveredconditionals="0" methods="2" coveredmethods="2"/>
      <file name="temples.js" path="/Users/tony/dev/another-test/temples/temples.js">
        <metrics statements="3" coveredstatements="3" conditionals="0" coveredconditionals="0" methods="2" coveredmethods="2"/>
        <line num="2" count="1" type="stmt"/>
        <line num="6" count="1" type="stmt"/>
        <line num="9" count="1" type="stmt"/>
      </file>
    </package>
    <package name="another-test.words">
      <metrics statements="4" coveredstatements="3" conditionals="2" coveredconditionals="0" methods="3" coveredmethods="2"/>
      <file name="words.js" path="/Users/tony/dev/another-test/words/words.js">
        <metrics statements="4" coveredstatements="3" conditionals="2" coveredconditionals="0" methods="3" coveredmethods="2"/>
        <line num="2" count="1" type="stmt"/>
        <line num="6" count="1" type="stmt"/>
        <line num="10" count="0" type="cond" truecount="0" falsecount="2"/>
        <line num="13" count="1" type="stmt"/>
      </file>
    </package>
  </project>
</coverage>
